<?xml version="1.0" encoding="UTF-8"?>
<testng-results skipped="1" failed="3" ignored="0" total="10" passed="6">
  <reporter-output>
    <line>
      <![CDATA[SignIn button is clicked]]>
    </line>
    <line>
      <![CDATA[Please click here.]]>
    </line>
    <line>
      <![CDATA[<a target="_blank" href=Wed_Mar_18_14_34_51_IST_2020.jpg>Screenshot</a>]]>
    </line>
    <line>
      <![CDATA[<br>]]>
    </line>
    <line>
      <![CDATA[<br>]]>
    </line>
    <line>
      <![CDATA[<a target="_blank" href=Wed_Mar_18_14_34_51_IST_2020.jpg><img src=Wed_Mar_18_14_34_51_IST_2020.jpg height=200 width=200></img></a>]]>
    </line>
    <line>
      <![CDATA[Please click here.]]>
    </line>
    <line>
      <![CDATA[<a target="_blank" href=Wed_Mar_18_14_35_20_IST_2020.jpg>Screenshot</a>]]>
    </line>
    <line>
      <![CDATA[<br>]]>
    </line>
    <line>
      <![CDATA[<br>]]>
    </line>
    <line>
      <![CDATA[<a target="_blank" href=Wed_Mar_18_14_35_20_IST_2020.jpg><img src=Wed_Mar_18_14_35_20_IST_2020.jpg height=200 width=200></img></a>]]>
    </line>
    <line>
      <![CDATA[Please click here.]]>
    </line>
    <line>
      <![CDATA[<a target="_blank" href=Wed_Mar_18_14_36_46_IST_2020.jpg>Screenshot</a>]]>
    </line>
    <line>
      <![CDATA[<br>]]>
    </line>
    <line>
      <![CDATA[<br>]]>
    </line>
    <line>
      <![CDATA[<a target="_blank" href=Wed_Mar_18_14_36_46_IST_2020.jpg><img src=Wed_Mar_18_14_36_46_IST_2020.jpg height=200 width=200></img></a>]]>
    </line>
    <line>
      <![CDATA[SignIn button is clicked]]>
    </line>
  </reporter-output>
  <suite name="Login Dashboard" duration-ms="440596" started-at="2020-03-18T09:01:50Z" finished-at="2020-03-18T09:09:11Z">
    <groups>
    </groups>
    <test name="Login Dashboard Test" duration-ms="440596" started-at="2020-03-18T09:01:50Z" finished-at="2020-03-18T09:09:11Z">
      <class name="com.goDeskless.testcases.LoginDashboard">
        <test-method status="PASS" signature="setUp()[pri:0, instance:com.goDeskless.testcases.LoginDashboard@491666ad]" name="setUp" is-config="true" duration-ms="90374" started-at="2020-03-18T14:31:50Z" finished-at="2020-03-18T14:33:21Z">
          <reporter-output>
          </reporter-output>
        </test-method> <!-- setUp -->
        <test-method status="PASS" signature="Login_Dashboard_01()[pri:1, instance:com.goDeskless.testcases.LoginDashboard@491666ad]" name="Login_Dashboard_01" duration-ms="466" started-at="2020-03-18T14:33:21Z" finished-at="2020-03-18T14:33:21Z">
          <reporter-output>
            <line>
              <![CDATA[SignIn button is clicked]]>
            </line>
          </reporter-output>
        </test-method> <!-- Login_Dashboard_01 -->
        <test-method status="PASS" signature="tearDown()[pri:0, instance:com.goDeskless.testcases.LoginDashboard@491666ad]" name="tearDown" is-config="true" duration-ms="1174" started-at="2020-03-18T14:33:22Z" finished-at="2020-03-18T14:33:23Z">
          <reporter-output>
          </reporter-output>
        </test-method> <!-- tearDown -->
        <test-method status="PASS" signature="setUp()[pri:0, instance:com.goDeskless.testcases.LoginDashboard@491666ad]" name="setUp" is-config="true" duration-ms="28227" started-at="2020-03-18T14:33:23Z" finished-at="2020-03-18T14:33:51Z">
          <reporter-output>
          </reporter-output>
        </test-method> <!-- setUp -->
        <test-method status="PASS" signature="Login_Dashboard_02()[pri:2, instance:com.goDeskless.testcases.LoginDashboard@491666ad]" name="Login_Dashboard_02" duration-ms="2384" started-at="2020-03-18T14:33:51Z" finished-at="2020-03-18T14:33:53Z">
          <reporter-output>
          </reporter-output>
        </test-method> <!-- Login_Dashboard_02 -->
        <test-method status="PASS" signature="tearDown()[pri:0, instance:com.goDeskless.testcases.LoginDashboard@491666ad]" name="tearDown" is-config="true" duration-ms="1405" started-at="2020-03-18T14:33:54Z" finished-at="2020-03-18T14:33:55Z">
          <reporter-output>
          </reporter-output>
        </test-method> <!-- tearDown -->
        <test-method status="PASS" signature="setUp()[pri:0, instance:com.goDeskless.testcases.LoginDashboard@491666ad]" name="setUp" is-config="true" duration-ms="47832" started-at="2020-03-18T14:33:55Z" finished-at="2020-03-18T14:34:43Z">
          <reporter-output>
          </reporter-output>
        </test-method> <!-- setUp -->
        <test-method status="FAIL" signature="Login_Dashboard_03()[pri:3, instance:com.goDeskless.testcases.LoginDashboard@491666ad]" name="Login_Dashboard_03" duration-ms="7387" started-at="2020-03-18T14:34:43Z" finished-at="2020-03-18T14:34:50Z">
          <exception class="java.lang.AssertionError">
            <message>
              <![CDATA[expected [true] but found [false]]]>
            </message>
            <full-stacktrace>
              <![CDATA[java.lang.AssertionError: expected [true] but found [false]
	at org.testng.Assert.fail(Assert.java:93)
	at org.testng.Assert.failNotEquals(Assert.java:512)
	at org.testng.Assert.assertTrue(Assert.java:41)
	at org.testng.Assert.assertTrue(Assert.java:51)
	at com.goDeskless.testcases.LoginDashboard.Login_Dashboard_03(LoginDashboard.java:111)
	at sun.reflect.NativeMethodAccessorImpl.invoke0(Native Method)
	at sun.reflect.NativeMethodAccessorImpl.invoke(NativeMethodAccessorImpl.java:62)
	at sun.reflect.DelegatingMethodAccessorImpl.invoke(DelegatingMethodAccessorImpl.java:43)
	at java.lang.reflect.Method.invoke(Method.java:498)
	at org.testng.internal.MethodInvocationHelper.invokeMethod(MethodInvocationHelper.java:108)
	at org.testng.internal.Invoker.invokeMethod(Invoker.java:661)
	at org.testng.internal.Invoker.invokeTestMethod(Invoker.java:869)
	at org.testng.internal.Invoker.invokeTestMethods(Invoker.java:1193)
	at org.testng.internal.TestMethodWorker.invokeTestMethods(TestMethodWorker.java:126)
	at org.testng.internal.TestMethodWorker.run(TestMethodWorker.java:109)
	at org.testng.TestRunner.privateRun(TestRunner.java:744)
	at org.testng.TestRunner.run(TestRunner.java:602)
	at org.testng.SuiteRunner.runTest(SuiteRunner.java:380)
	at org.testng.SuiteRunner.runSequentially(SuiteRunner.java:375)
	at org.testng.SuiteRunner.privateRun(SuiteRunner.java:340)
	at org.testng.SuiteRunner.run(SuiteRunner.java:289)
	at org.testng.SuiteRunnerWorker.runSuite(SuiteRunnerWorker.java:52)
	at org.testng.SuiteRunnerWorker.run(SuiteRunnerWorker.java:86)
	at org.testng.TestNG.runSuitesSequentially(TestNG.java:1301)
	at org.testng.TestNG.runSuitesLocally(TestNG.java:1226)
	at org.testng.TestNG.runSuites(TestNG.java:1144)
	at org.testng.TestNG.run(TestNG.java:1115)
	at org.apache.maven.surefire.testng.TestNGExecutor.run(TestNGExecutor.java:295)
	at org.apache.maven.surefire.testng.TestNGXmlTestSuite.execute(TestNGXmlTestSuite.java:84)
	at org.apache.maven.surefire.testng.TestNGProvider.invoke(TestNGProvider.java:90)
	at org.apache.maven.surefire.booter.ForkedBooter.invokeProviderInSameClassLoader(ForkedBooter.java:203)
	at org.apache.maven.surefire.booter.ForkedBooter.runSuitesInProcess(ForkedBooter.java:155)
	at org.apache.maven.surefire.booter.ForkedBooter.main(ForkedBooter.java:103)
]]>
            </full-stacktrace>
          </exception> <!-- java.lang.AssertionError -->
          <reporter-output>
            <line>
              <![CDATA[Please click here.]]>
            </line>
            <line>
              <![CDATA[<a target="_blank" href=Wed_Mar_18_14_34_51_IST_2020.jpg>Screenshot</a>]]>
            </line>
            <line>
              <![CDATA[<br>]]>
            </line>
            <line>
              <![CDATA[<br>]]>
            </line>
            <line>
              <![CDATA[<a target="_blank" href=Wed_Mar_18_14_34_51_IST_2020.jpg><img src=Wed_Mar_18_14_34_51_IST_2020.jpg height=200 width=200></img></a>]]>
            </line>
          </reporter-output>
        </test-method> <!-- Login_Dashboard_03 -->
        <test-method status="PASS" signature="tearDown()[pri:0, instance:com.goDeskless.testcases.LoginDashboard@491666ad]" name="tearDown" is-config="true" duration-ms="880" started-at="2020-03-18T14:34:51Z" finished-at="2020-03-18T14:34:52Z">
          <reporter-output>
          </reporter-output>
        </test-method> <!-- tearDown -->
        <test-method status="PASS" signature="setUp()[pri:0, instance:com.goDeskless.testcases.LoginDashboard@491666ad]" name="setUp" is-config="true" duration-ms="22527" started-at="2020-03-18T14:34:52Z" finished-at="2020-03-18T14:35:14Z">
          <reporter-output>
          </reporter-output>
        </test-method> <!-- setUp -->
        <test-method status="FAIL" signature="Login_Dashboard_04()[pri:4, instance:com.goDeskless.testcases.LoginDashboard@491666ad]" name="Login_Dashboard_04" duration-ms="5486" started-at="2020-03-18T14:35:14Z" finished-at="2020-03-18T14:35:20Z">
          <exception class="java.lang.AssertionError">
            <message>
              <![CDATA[expected [Username and password does not match] but found [Error! User Does not exist..]]]>
            </message>
            <full-stacktrace>
              <![CDATA[java.lang.AssertionError: expected [Username and password does not match] but found [Error! User Does not exist..]
	at org.testng.Assert.fail(Assert.java:93)
	at org.testng.Assert.failNotEquals(Assert.java:512)
	at org.testng.Assert.assertEqualsImpl(Assert.java:134)
	at org.testng.Assert.assertEquals(Assert.java:115)
	at org.testng.Assert.assertEquals(Assert.java:189)
	at org.testng.Assert.assertEquals(Assert.java:199)
	at com.goDeskless.testcases.LoginDashboard.Login_Dashboard_04(LoginDashboard.java:144)
	at sun.reflect.NativeMethodAccessorImpl.invoke0(Native Method)
	at sun.reflect.NativeMethodAccessorImpl.invoke(NativeMethodAccessorImpl.java:62)
	at sun.reflect.DelegatingMethodAccessorImpl.invoke(DelegatingMethodAccessorImpl.java:43)
	at java.lang.reflect.Method.invoke(Method.java:498)
	at org.testng.internal.MethodInvocationHelper.invokeMethod(MethodInvocationHelper.java:108)
	at org.testng.internal.Invoker.invokeMethod(Invoker.java:661)
	at org.testng.internal.Invoker.invokeTestMethod(Invoker.java:869)
	at org.testng.internal.Invoker.invokeTestMethods(Invoker.java:1193)
	at org.testng.internal.TestMethodWorker.invokeTestMethods(TestMethodWorker.java:126)
	at org.testng.internal.TestMethodWorker.run(TestMethodWorker.java:109)
	at org.testng.TestRunner.privateRun(TestRunner.java:744)
	at org.testng.TestRunner.run(TestRunner.java:602)
	at org.testng.SuiteRunner.runTest(SuiteRunner.java:380)
	at org.testng.SuiteRunner.runSequentially(SuiteRunner.java:375)
	at org.testng.SuiteRunner.privateRun(SuiteRunner.java:340)
	at org.testng.SuiteRunner.run(SuiteRunner.java:289)
	at org.testng.SuiteRunnerWorker.runSuite(SuiteRunnerWorker.java:52)
	at org.testng.SuiteRunnerWorker.run(SuiteRunnerWorker.java:86)
	at org.testng.TestNG.runSuitesSequentially(TestNG.java:1301)
	at org.testng.TestNG.runSuitesLocally(TestNG.java:1226)
	at org.testng.TestNG.runSuites(TestNG.java:1144)
	at org.testng.TestNG.run(TestNG.java:1115)
	at org.apache.maven.surefire.testng.TestNGExecutor.run(TestNGExecutor.java:295)
	at org.apache.maven.surefire.testng.TestNGXmlTestSuite.execute(TestNGXmlTestSuite.java:84)
	at org.apache.maven.surefire.testng.TestNGProvider.invoke(TestNGProvider.java:90)
	at org.apache.maven.surefire.booter.ForkedBooter.invokeProviderInSameClassLoader(ForkedBooter.java:203)
	at org.apache.maven.surefire.booter.ForkedBooter.runSuitesInProcess(ForkedBooter.java:155)
	at org.apache.maven.surefire.booter.ForkedBooter.main(ForkedBooter.java:103)
]]>
            </full-stacktrace>
          </exception> <!-- java.lang.AssertionError -->
          <reporter-output>
            <line>
              <![CDATA[Please click here.]]>
            </line>
            <line>
              <![CDATA[<a target="_blank" href=Wed_Mar_18_14_35_20_IST_2020.jpg>Screenshot</a>]]>
            </line>
            <line>
              <![CDATA[<br>]]>
            </line>
            <line>
              <![CDATA[<br>]]>
            </line>
            <line>
              <![CDATA[<a target="_blank" href=Wed_Mar_18_14_35_20_IST_2020.jpg><img src=Wed_Mar_18_14_35_20_IST_2020.jpg height=200 width=200></img></a>]]>
            </line>
          </reporter-output>
        </test-method> <!-- Login_Dashboard_04 -->
        <test-method status="PASS" signature="tearDown()[pri:0, instance:com.goDeskless.testcases.LoginDashboard@491666ad]" name="tearDown" is-config="true" duration-ms="916" started-at="2020-03-18T14:35:20Z" finished-at="2020-03-18T14:35:21Z">
          <reporter-output>
          </reporter-output>
        </test-method> <!-- tearDown -->
        <test-method status="PASS" signature="setUp()[pri:0, instance:com.goDeskless.testcases.LoginDashboard@491666ad]" name="setUp" is-config="true" duration-ms="31075" started-at="2020-03-18T14:35:21Z" finished-at="2020-03-18T14:35:52Z">
          <reporter-output>
          </reporter-output>
        </test-method> <!-- setUp -->
        <test-method status="SKIP" signature="Login_Dashboard_05()[pri:5, instance:com.goDeskless.testcases.LoginDashboard@491666ad]" name="Login_Dashboard_05" duration-ms="15607" started-at="2020-03-18T14:35:52Z" finished-at="2020-03-18T14:36:08Z">
          <exception class="org.testng.SkipException">
            <message>
              <![CDATA[Skipping this exception]]>
            </message>
            <full-stacktrace>
              <![CDATA[org.testng.SkipException: Skipping this exception
	at com.goDeskless.testcases.LoginDashboard.Login_Dashboard_05(LoginDashboard.java:201)
	at sun.reflect.NativeMethodAccessorImpl.invoke0(Native Method)
	at sun.reflect.NativeMethodAccessorImpl.invoke(NativeMethodAccessorImpl.java:62)
	at sun.reflect.DelegatingMethodAccessorImpl.invoke(DelegatingMethodAccessorImpl.java:43)
	at java.lang.reflect.Method.invoke(Method.java:498)
	at org.testng.internal.MethodInvocationHelper.invokeMethod(MethodInvocationHelper.java:108)
	at org.testng.internal.Invoker.invokeMethod(Invoker.java:661)
	at org.testng.internal.Invoker.invokeTestMethod(Invoker.java:869)
	at org.testng.internal.Invoker.invokeTestMethods(Invoker.java:1193)
	at org.testng.internal.TestMethodWorker.invokeTestMethods(TestMethodWorker.java:126)
	at org.testng.internal.TestMethodWorker.run(TestMethodWorker.java:109)
	at org.testng.TestRunner.privateRun(TestRunner.java:744)
	at org.testng.TestRunner.run(TestRunner.java:602)
	at org.testng.SuiteRunner.runTest(SuiteRunner.java:380)
	at org.testng.SuiteRunner.runSequentially(SuiteRunner.java:375)
	at org.testng.SuiteRunner.privateRun(SuiteRunner.java:340)
	at org.testng.SuiteRunner.run(SuiteRunner.java:289)
	at org.testng.SuiteRunnerWorker.runSuite(SuiteRunnerWorker.java:52)
	at org.testng.SuiteRunnerWorker.run(SuiteRunnerWorker.java:86)
	at org.testng.TestNG.runSuitesSequentially(TestNG.java:1301)
	at org.testng.TestNG.runSuitesLocally(TestNG.java:1226)
	at org.testng.TestNG.runSuites(TestNG.java:1144)
	at org.testng.TestNG.run(TestNG.java:1115)
	at org.apache.maven.surefire.testng.TestNGExecutor.run(TestNGExecutor.java:295)
	at org.apache.maven.surefire.testng.TestNGXmlTestSuite.execute(TestNGXmlTestSuite.java:84)
	at org.apache.maven.surefire.testng.TestNGProvider.invoke(TestNGProvider.java:90)
	at org.apache.maven.surefire.booter.ForkedBooter.invokeProviderInSameClassLoader(ForkedBooter.java:203)
	at org.apache.maven.surefire.booter.ForkedBooter.runSuitesInProcess(ForkedBooter.java:155)
	at org.apache.maven.surefire.booter.ForkedBooter.main(ForkedBooter.java:103)
]]>
            </full-stacktrace>
          </exception> <!-- org.testng.SkipException -->
          <reporter-output>
          </reporter-output>
        </test-method> <!-- Login_Dashboard_05 -->
        <test-method status="PASS" signature="tearDown()[pri:0, instance:com.goDeskless.testcases.LoginDashboard@491666ad]" name="tearDown" is-config="true" duration-ms="901" started-at="2020-03-18T14:36:08Z" finished-at="2020-03-18T14:36:09Z">
          <reporter-output>
          </reporter-output>
        </test-method> <!-- tearDown -->
        <test-method status="PASS" signature="setUp()[pri:0, instance:com.goDeskless.testcases.LoginDashboard@491666ad]" name="setUp" is-config="true" duration-ms="20707" started-at="2020-03-18T14:36:09Z" finished-at="2020-03-18T14:36:30Z">
          <reporter-output>
          </reporter-output>
        </test-method> <!-- setUp -->
        <test-method status="FAIL" signature="Login_Dashboard_06()[pri:6, instance:com.goDeskless.testcases.LoginDashboard@491666ad]" name="Login_Dashboard_06" duration-ms="16196" started-at="2020-03-18T14:36:30Z" finished-at="2020-03-18T14:36:46Z">
          <exception class="java.lang.AssertionError">
            <message>
              <![CDATA[The following asserts failed:
	expected [Terms – goDeskless] but found [Privacy Policy – goDeskless]]]>
            </message>
            <full-stacktrace>
              <![CDATA[java.lang.AssertionError: The following asserts failed:
	expected [Terms – goDeskless] but found [Privacy Policy – goDeskless]
	at org.testng.asserts.SoftAssert.assertAll(SoftAssert.java:43)
	at com.goDeskless.testcases.LoginDashboard.Login_Dashboard_06(LoginDashboard.java:239)
	at sun.reflect.NativeMethodAccessorImpl.invoke0(Native Method)
	at sun.reflect.NativeMethodAccessorImpl.invoke(NativeMethodAccessorImpl.java:62)
	at sun.reflect.DelegatingMethodAccessorImpl.invoke(DelegatingMethodAccessorImpl.java:43)
	at java.lang.reflect.Method.invoke(Method.java:498)
	at org.testng.internal.MethodInvocationHelper.invokeMethod(MethodInvocationHelper.java:108)
	at org.testng.internal.Invoker.invokeMethod(Invoker.java:661)
	at org.testng.internal.Invoker.invokeTestMethod(Invoker.java:869)
	at org.testng.internal.Invoker.invokeTestMethods(Invoker.java:1193)
	at org.testng.internal.TestMethodWorker.invokeTestMethods(TestMethodWorker.java:126)
	at org.testng.internal.TestMethodWorker.run(TestMethodWorker.java:109)
	at org.testng.TestRunner.privateRun(TestRunner.java:744)
	at org.testng.TestRunner.run(TestRunner.java:602)
	at org.testng.SuiteRunner.runTest(SuiteRunner.java:380)
	at org.testng.SuiteRunner.runSequentially(SuiteRunner.java:375)
	at org.testng.SuiteRunner.privateRun(SuiteRunner.java:340)
	at org.testng.SuiteRunner.run(SuiteRunner.java:289)
	at org.testng.SuiteRunnerWorker.runSuite(SuiteRunnerWorker.java:52)
	at org.testng.SuiteRunnerWorker.run(SuiteRunnerWorker.java:86)
	at org.testng.TestNG.runSuitesSequentially(TestNG.java:1301)
	at org.testng.TestNG.runSuitesLocally(TestNG.java:1226)
	at org.testng.TestNG.runSuites(TestNG.java:1144)
	at org.testng.TestNG.run(TestNG.java:1115)
	at org.apache.maven.surefire.testng.TestNGExecutor.run(TestNGExecutor.java:295)
	at org.apache.maven.surefire.testng.TestNGXmlTestSuite.execute(TestNGXmlTestSuite.java:84)
	at org.apache.maven.surefire.testng.TestNGProvider.invoke(TestNGProvider.java:90)
	at org.apache.maven.surefire.booter.ForkedBooter.invokeProviderInSameClassLoader(ForkedBooter.java:203)
	at org.apache.maven.surefire.booter.ForkedBooter.runSuitesInProcess(ForkedBooter.java:155)
	at org.apache.maven.surefire.booter.ForkedBooter.main(ForkedBooter.java:103)
]]>
            </full-stacktrace>
          </exception> <!-- java.lang.AssertionError -->
          <reporter-output>
            <line>
              <![CDATA[Please click here.]]>
            </line>
            <line>
              <![CDATA[<a target="_blank" href=Wed_Mar_18_14_36_46_IST_2020.jpg>Screenshot</a>]]>
            </line>
            <line>
              <![CDATA[<br>]]>
            </line>
            <line>
              <![CDATA[<br>]]>
            </line>
            <line>
              <![CDATA[<a target="_blank" href=Wed_Mar_18_14_36_46_IST_2020.jpg><img src=Wed_Mar_18_14_36_46_IST_2020.jpg height=200 width=200></img></a>]]>
            </line>
          </reporter-output>
        </test-method> <!-- Login_Dashboard_06 -->
        <test-method status="PASS" signature="tearDown()[pri:0, instance:com.goDeskless.testcases.LoginDashboard@491666ad]" name="tearDown" is-config="true" duration-ms="1041" started-at="2020-03-18T14:36:46Z" finished-at="2020-03-18T14:36:47Z">
          <reporter-output>
          </reporter-output>
        </test-method> <!-- tearDown -->
        <test-method status="PASS" signature="setUp()[pri:0, instance:com.goDeskless.testcases.LoginDashboard@491666ad]" name="setUp" is-config="true" duration-ms="19678" started-at="2020-03-18T14:36:47Z" finished-at="2020-03-18T14:37:07Z">
          <reporter-output>
          </reporter-output>
        </test-method> <!-- setUp -->
        <test-method status="PASS" signature="Login_Dashboard_07()[pri:7, instance:com.goDeskless.testcases.LoginDashboard@491666ad]" name="Login_Dashboard_07" duration-ms="6176" started-at="2020-03-18T14:37:07Z" finished-at="2020-03-18T14:37:13Z">
          <reporter-output>
          </reporter-output>
        </test-method> <!-- Login_Dashboard_07 -->
        <test-method status="PASS" signature="tearDown()[pri:0, instance:com.goDeskless.testcases.LoginDashboard@491666ad]" name="tearDown" is-config="true" duration-ms="842" started-at="2020-03-18T14:37:13Z" finished-at="2020-03-18T14:37:14Z">
          <reporter-output>
          </reporter-output>
        </test-method> <!-- tearDown -->
        <test-method status="PASS" signature="setUp()[pri:0, instance:com.goDeskless.testcases.LoginDashboard@491666ad]" name="setUp" is-config="true" duration-ms="25221" started-at="2020-03-18T14:37:14Z" finished-at="2020-03-18T14:37:39Z">
          <reporter-output>
          </reporter-output>
        </test-method> <!-- setUp -->
        <test-method status="PASS" signature="Login_Dashboard_08()[pri:8, instance:com.goDeskless.testcases.LoginDashboard@491666ad]" name="Login_Dashboard_08" duration-ms="12464" started-at="2020-03-18T14:37:39Z" finished-at="2020-03-18T14:37:52Z">
          <reporter-output>
            <line>
              <![CDATA[SignIn button is clicked]]>
            </line>
          </reporter-output>
        </test-method> <!-- Login_Dashboard_08 -->
        <test-method status="PASS" signature="tearDown()[pri:0, instance:com.goDeskless.testcases.LoginDashboard@491666ad]" name="tearDown" is-config="true" duration-ms="903" started-at="2020-03-18T14:37:52Z" finished-at="2020-03-18T14:37:53Z">
          <reporter-output>
          </reporter-output>
        </test-method> <!-- tearDown -->
        <test-method status="PASS" signature="setUp()[pri:0, instance:com.goDeskless.testcases.LoginDashboard@491666ad]" name="setUp" is-config="true" duration-ms="22376" started-at="2020-03-18T14:37:53Z" finished-at="2020-03-18T14:38:15Z">
          <reporter-output>
          </reporter-output>
        </test-method> <!-- setUp -->
        <test-method status="PASS" signature="Login_Dashboard_19()[pri:19, instance:com.goDeskless.testcases.LoginDashboard@491666ad]" name="Login_Dashboard_19" duration-ms="18751" started-at="2020-03-18T14:38:15Z" finished-at="2020-03-18T14:38:34Z">
          <reporter-output>
          </reporter-output>
        </test-method> <!-- Login_Dashboard_19 -->
        <test-method status="PASS" signature="tearDown()[pri:0, instance:com.goDeskless.testcases.LoginDashboard@491666ad]" name="tearDown" is-config="true" duration-ms="968" started-at="2020-03-18T14:38:34Z" finished-at="2020-03-18T14:38:35Z">
          <reporter-output>
          </reporter-output>
        </test-method> <!-- tearDown -->
        <test-method status="PASS" signature="setUp()[pri:0, instance:com.goDeskless.testcases.LoginDashboard@491666ad]" name="setUp" is-config="true" duration-ms="20342" started-at="2020-03-18T14:38:35Z" finished-at="2020-03-18T14:38:55Z">
          <reporter-output>
          </reporter-output>
        </test-method> <!-- setUp -->
        <test-method status="PASS" signature="Login_Dashboard_20()[pri:20, instance:com.goDeskless.testcases.LoginDashboard@491666ad]" name="Login_Dashboard_20" duration-ms="14871" started-at="2020-03-18T14:38:55Z" finished-at="2020-03-18T14:39:10Z">
          <reporter-output>
          </reporter-output>
        </test-method> <!-- Login_Dashboard_20 -->
        <test-method status="PASS" signature="tearDown()[pri:0, instance:com.goDeskless.testcases.LoginDashboard@491666ad]" name="tearDown" is-config="true" duration-ms="944" started-at="2020-03-18T14:39:10Z" finished-at="2020-03-18T14:39:11Z">
          <reporter-output>
          </reporter-output>
        </test-method> <!-- tearDown -->
      </class> <!-- com.goDeskless.testcases.LoginDashboard -->
    </test> <!-- Login Dashboard Test -->
  </suite> <!-- Login Dashboard -->
</testng-results>
