<?xml version="1.0" encoding="UTF-8"?>
<!-- Generated by org.testng.reporters.JUnitReportReporter -->
<testsuite skipped="0" hostname="dhanshree-Lap" name="com.goDeskless.testcases.Dashboard" tests="7" failures="1" timestamp="04 Sep 2020 04:47:43 GMT" time="315.695" errors="0">
  <testcase name="Dashboard_01" time="43.031" classname="com.goDeskless.testcases.Dashboard"/>
  <testcase name="Dashboard_02" time="47.006" classname="com.goDeskless.testcases.Dashboard"/>
  <testcase name="Dashboard_03" time="41.661" classname="com.goDeskless.testcases.Dashboard"/>
  <testcase name="Dashboard_04" time="45.974" classname="com.goDeskless.testcases.Dashboard"/>
  <testcase name="Dashboard_Negative_05" time="39.558" classname="com.goDeskless.testcases.Dashboard"/>
  <testcase name="Dashboard_06" time="39.343" classname="com.goDeskless.testcases.Dashboard"/>
  <testcase name="Dashboard_07" time="59.122" classname="com.goDeskless.testcases.Dashboard">
    <failure type="java.lang.AssertionError" message="expected [Search here...] but found []">
      <![CDATA[java.lang.AssertionError: expected [Search here...] but found []
	at org.testng.Assert.fail(Assert.java:93)
	at org.testng.Assert.failNotEquals(Assert.java:512)
	at org.testng.Assert.assertEqualsImpl(Assert.java:134)
	at org.testng.Assert.assertEquals(Assert.java:115)
	at org.testng.Assert.assertEquals(Assert.java:189)
	at org.testng.Assert.assertEquals(Assert.java:199)
	at com.goDeskless.testcases.Dashboard.Dashboard_07(Dashboard.java:307)
	at sun.reflect.NativeMethodAccessorImpl.invoke0(Native Method)
	at sun.reflect.NativeMethodAccessorImpl.invoke(NativeMethodAccessorImpl.java:62)
	at sun.reflect.DelegatingMethodAccessorImpl.invoke(DelegatingMethodAccessorImpl.java:43)
	at java.lang.reflect.Method.invoke(Method.java:498)
	at org.testng.internal.MethodInvocationHelper.invokeMethod(MethodInvocationHelper.java:108)
	at org.testng.internal.Invoker.invokeMethod(Invoker.java:661)
	at org.testng.internal.Invoker.invokeTestMethod(Invoker.java:869)
	at org.testng.internal.Invoker.invokeTestMethods(Invoker.java:1193)
	at org.testng.internal.TestMethodWorker.invokeTestMethods(TestMethodWorker.java:126)
	at org.testng.internal.TestMethodWorker.run(TestMethodWorker.java:109)
	at org.testng.TestRunner.privateRun(TestRunner.java:744)
	at org.testng.TestRunner.run(TestRunner.java:602)
	at org.testng.SuiteRunner.runTest(SuiteRunner.java:380)
	at org.testng.SuiteRunner.runSequentially(SuiteRunner.java:375)
	at org.testng.SuiteRunner.privateRun(SuiteRunner.java:340)
	at org.testng.SuiteRunner.run(SuiteRunner.java:289)
	at org.testng.SuiteRunnerWorker.runSuite(SuiteRunnerWorker.java:52)
	at org.testng.SuiteRunnerWorker.run(SuiteRunnerWorker.java:86)
	at org.testng.TestNG.runSuitesSequentially(TestNG.java:1301)
	at org.testng.TestNG.runSuitesLocally(TestNG.java:1226)
	at org.testng.TestNG.runSuites(TestNG.java:1144)
	at org.testng.TestNG.run(TestNG.java:1115)
	at org.testng.remote.AbstractRemoteTestNG.run(AbstractRemoteTestNG.java:115)
	at org.testng.remote.RemoteTestNG.initAndRun(RemoteTestNG.java:251)
	at org.testng.remote.RemoteTestNG.main(RemoteTestNG.java:77)
]]>
    </failure>
  </testcase> <!-- Dashboard_07 -->
</testsuite> <!-- com.goDeskless.testcases.Dashboard -->
